d:\games\rathena - jezznar\.vs\build\map-server\x64\debug\vc140.pdb
d:\games\rathena - jezznar\.vs\build\map-server\x64\debug\vc140.idb
d:\games\rathena - jezznar\.vs\build\map-server\x64\debug\map.obj
d:\games\rathena - jezznar\.vs\build\map-server\x64\debug\mapreg.obj
d:\games\rathena - jezznar\.vs\build\map-server\x64\debug\mercenary.obj
d:\games\rathena - jezznar\.vs\build\map-server\x64\debug\mob.obj
d:\games\rathena - jezznar\.vs\build\map-server\x64\debug\npc.obj
d:\games\rathena - jezznar\.vs\build\map-server\x64\debug\npc_chat.obj
d:\games\rathena - jezznar\.vs\build\map-server\x64\debug\party.obj
d:\games\rathena - jezznar\.vs\build\map-server\x64\debug\path.obj
d:\games\rathena - jezznar\.vs\build\map-server\x64\debug\pc.obj
d:\games\rathena - jezznar\.vs\build\map-server\x64\debug\pc_groups.obj
d:\games\rathena - jezznar\.vs\build\map-server\x64\debug\pet.obj
d:\games\rathena - jezznar\.vs\build\map-server\x64\debug\quest.obj
d:\games\rathena - jezznar\.vs\build\map-server\x64\debug\script.obj
d:\games\rathena - jezznar\.vs\build\map-server\x64\debug\searchstore.obj
d:\games\rathena - jezznar\.vs\build\map-server\x64\debug\skill.obj
d:\games\rathena - jezznar\.vs\build\map-server\x64\debug\status.obj
d:\games\rathena - jezznar\.vs\build\map-server\x64\debug\storage.obj
d:\games\rathena - jezznar\.vs\build\map-server\x64\debug\trade.obj
d:\games\rathena - jezznar\.vs\build\map-server\x64\debug\unit.obj
d:\games\rathena - jezznar\.vs\build\map-server\x64\debug\vending.obj
d:\games\rathena - jezznar\.vs\build\map-server\x64\debug\atcommand.obj
d:\games\rathena - jezznar\.vs\build\map-server\x64\debug\battle.obj
d:\games\rathena - jezznar\.vs\build\map-server\x64\debug\battleground.obj
d:\games\rathena - jezznar\.vs\build\map-server\x64\debug\buyingstore.obj
d:\games\rathena - jezznar\.vs\build\map-server\x64\debug\cashshop.obj
d:\games\rathena - jezznar\.vs\build\map-server\x64\debug\channel.obj
d:\games\rathena - jezznar\.vs\build\map-server\x64\debug\chat.obj
d:\games\rathena - jezznar\.vs\build\map-server\x64\debug\chrif.obj
d:\games\rathena - jezznar\.vs\build\map-server\x64\debug\clan.obj
d:\games\rathena - jezznar\.vs\build\map-server\x64\debug\clif.obj
d:\games\rathena - jezznar\.vs\build\map-server\x64\debug\date.obj
d:\games\rathena - jezznar\.vs\build\map-server\x64\debug\duel.obj
d:\games\rathena - jezznar\.vs\build\map-server\x64\debug\elemental.obj
d:\games\rathena - jezznar\.vs\build\map-server\x64\debug\guild.obj
d:\games\rathena - jezznar\.vs\build\map-server\x64\debug\homunculus.obj
d:\games\rathena - jezznar\.vs\build\map-server\x64\debug\instance.obj
d:\games\rathena - jezznar\.vs\build\map-server\x64\debug\intif.obj
d:\games\rathena - jezznar\.vs\build\map-server\x64\debug\itemdb.obj
d:\games\rathena - jezznar\.vs\build\map-server\x64\debug\log.obj
d:\games\rathena - jezznar\.vs\build\map-server\x64\debug\mail.obj
d:\games\rathena - jezznar\map-server.ilk
d:\games\rathena - jezznar\map-server.exe
d:\games\rathena - jezznar\map-server.pdb
d:\games\rathena - jezznar\.vs\build\map-server\x64\debug\map-server.tlog\cl.command.1.tlog
d:\games\rathena - jezznar\.vs\build\map-server\x64\debug\map-server.tlog\cl.read.1.tlog
d:\games\rathena - jezznar\.vs\build\map-server\x64\debug\map-server.tlog\cl.write.1.tlog
d:\games\rathena - jezznar\.vs\build\map-server\x64\debug\map-server.tlog\link.command.1.tlog
d:\games\rathena - jezznar\.vs\build\map-server\x64\debug\map-server.tlog\link.read.1.tlog
d:\games\rathena - jezznar\.vs\build\map-server\x64\debug\map-server.tlog\link.write.1.tlog
