d:\games\rathena - jezznar\.vs\build\char-server\win32\debug\vc140.pdb
d:\games\rathena - jezznar\.vs\build\char-server\win32\debug\vc140.idb
d:\games\rathena - jezznar\.vs\build\char-server\win32\debug\char.obj
d:\games\rathena - jezznar\.vs\build\char-server\win32\debug\char_clif.obj
d:\games\rathena - jezznar\.vs\build\char-server\win32\debug\char_cnslif.obj
d:\games\rathena - jezznar\.vs\build\char-server\win32\debug\char_logif.obj
d:\games\rathena - jezznar\.vs\build\char-server\win32\debug\char_mapif.obj
d:\games\rathena - jezznar\.vs\build\char-server\win32\debug\inter.obj
d:\games\rathena - jezznar\.vs\build\char-server\win32\debug\int_auction.obj
d:\games\rathena - jezznar\.vs\build\char-server\win32\debug\int_clan.obj
d:\games\rathena - jezznar\.vs\build\char-server\win32\debug\int_elemental.obj
d:\games\rathena - jezznar\.vs\build\char-server\win32\debug\int_guild.obj
d:\games\rathena - jezznar\.vs\build\char-server\win32\debug\int_homun.obj
d:\games\rathena - jezznar\.vs\build\char-server\win32\debug\int_mail.obj
d:\games\rathena - jezznar\.vs\build\char-server\win32\debug\int_mercenary.obj
d:\games\rathena - jezznar\.vs\build\char-server\win32\debug\int_party.obj
d:\games\rathena - jezznar\.vs\build\char-server\win32\debug\int_pet.obj
d:\games\rathena - jezznar\.vs\build\char-server\win32\debug\int_quest.obj
d:\games\rathena - jezznar\.vs\build\char-server\win32\debug\int_storage.obj
d:\games\rathena - jezznar\char-server.ilk
d:\games\rathena - jezznar\char-server.exe
d:\games\rathena - jezznar\char-server.pdb
d:\games\rathena - jezznar\.vs\build\char-server\win32\debug\char-server.tlog\cl.command.1.tlog
d:\games\rathena - jezznar\.vs\build\char-server\win32\debug\char-server.tlog\cl.read.1.tlog
d:\games\rathena - jezznar\.vs\build\char-server\win32\debug\char-server.tlog\cl.write.1.tlog
d:\games\rathena - jezznar\.vs\build\char-server\win32\debug\char-server.tlog\link.command.1.tlog
d:\games\rathena - jezznar\.vs\build\char-server\win32\debug\char-server.tlog\link.read.1.tlog
d:\games\rathena - jezznar\.vs\build\char-server\win32\debug\char-server.tlog\link.write.1.tlog
