d:\games\rathena - jezznar\.vs\build\common-minicore\x64\debug\common-minicore.pdb
d:\games\rathena - jezznar\.vs\build\common-minicore\x64\debug\common-minicore.idb
d:\games\rathena - jezznar\.vs\build\common-minicore\x64\debug\db.obj
d:\games\rathena - jezznar\.vs\build\common-minicore\x64\debug\des.obj
d:\games\rathena - jezznar\.vs\build\common-minicore\x64\debug\ers.obj
d:\games\rathena - jezznar\.vs\build\common-minicore\x64\debug\grfio.obj
d:\games\rathena - jezznar\.vs\build\common-minicore\x64\debug\malloc.obj
d:\games\rathena - jezznar\.vs\build\common-minicore\x64\debug\mapindex.obj
d:\games\rathena - jezznar\.vs\build\common-minicore\x64\debug\md5calc.obj
d:\games\rathena - jezznar\.vs\build\common-minicore\x64\debug\mempool.obj
d:\games\rathena - jezznar\.vs\build\common-minicore\x64\debug\msg_conf.obj
d:\games\rathena - jezznar\.vs\build\common-minicore\x64\debug\mutex.obj
d:\games\rathena - jezznar\.vs\build\common-minicore\x64\debug\nullpo.obj
d:\games\rathena - jezznar\.vs\build\common-minicore\x64\debug\raconf.obj
d:\games\rathena - jezznar\.vs\build\common-minicore\x64\debug\random.obj
d:\games\rathena - jezznar\.vs\build\common-minicore\x64\debug\showmsg.obj
d:\games\rathena - jezznar\.vs\build\common-minicore\x64\debug\socket.obj
d:\games\rathena - jezznar\.vs\build\common-minicore\x64\debug\sql.obj
d:\games\rathena - jezznar\.vs\build\common-minicore\x64\debug\strlib.obj
d:\games\rathena - jezznar\.vs\build\common-minicore\x64\debug\thread.obj
d:\games\rathena - jezznar\.vs\build\common-minicore\x64\debug\timer.obj
d:\games\rathena - jezznar\.vs\build\common-minicore\x64\debug\utils.obj
d:\games\rathena - jezznar\.vs\build\common-minicore\x64\debug\cli.obj
d:\games\rathena - jezznar\.vs\build\common-minicore\x64\debug\conf.obj
d:\games\rathena - jezznar\.vs\build\common-minicore\x64\debug\core.obj
d:\games\rathena - jezznar\.vs\build\common-minicore.lib
d:\games\rathena - jezznar\.vs\build\common-minicore.pdb
d:\games\rathena - jezznar\.vs\build\common-minicore\x64\debug\common-minicore.tlog\cl.command.1.tlog
d:\games\rathena - jezznar\.vs\build\common-minicore\x64\debug\common-minicore.tlog\cl.read.1.tlog
d:\games\rathena - jezznar\.vs\build\common-minicore\x64\debug\common-minicore.tlog\cl.write.1.tlog
d:\games\rathena - jezznar\.vs\build\common-minicore\x64\debug\common-minicore.tlog\lib-link.read.1.tlog
d:\games\rathena - jezznar\.vs\build\common-minicore\x64\debug\common-minicore.tlog\lib-link.write.1.tlog
d:\games\rathena - jezznar\.vs\build\common-minicore\x64\debug\common-minicore.tlog\lib.command.1.tlog
